Running: C:\Xilinx\14.7\ISE_DS\ISE\bin\nt64\unwrapped\fuse.exe -intstyle ise -incremental -lib unisims_ver -lib unimacro_ver -lib xilinxcorelib_ver -o C:/Users/Subham Rajgaria/Desktop/group14/cpu_controller/aluTest_isim_beh.exe -prj C:/Users/Subham Rajgaria/Desktop/group14/cpu_controller/aluTest_beh.prj work.aluTest work.glbl 
ISim P.20131013 (signature 0x7708f090)
Number of CPUs detected in this system: 4
Turning on mult-threading, number of parallel sub-compilation jobs: 8 
Determining compilation order of HDL files
Analyzing Verilog file "C:/Users/Subham Rajgaria/Desktop/group14/cpu_controller/multicycle.v" into library work
WARNING:HDLCompiler:568 - "C:/Users/Subham Rajgaria/Desktop/group14/cpu_controller/multicycle.v" Line 570: Constant value is truncated to fit in <2> bits.
WARNING:HDLCompiler:568 - "C:/Users/Subham Rajgaria/Desktop/group14/cpu_controller/multicycle.v" Line 573: Constant value is truncated to fit in <2> bits.
WARNING:HDLCompiler:568 - "C:/Users/Subham Rajgaria/Desktop/group14/cpu_controller/multicycle.v" Line 576: Constant value is truncated to fit in <2> bits.
ERROR:HDLCompiler:53 - "C:/Users/Subham Rajgaria/Desktop/group14/cpu_controller/multicycle.v" Line 584: <ldIR> is not a port.
ERROR:HDLCompiler:69 - "C:/Users/Subham Rajgaria/Desktop/group14/cpu_controller/multicycle.v" Line 584: <Tir> is not declared.
ERROR:HDLCompiler:715 - "C:/Users/Subham Rajgaria/Desktop/group14/cpu_controller/multicycle.v" Line 585: Port ldALU is not defined
ERROR:HDLCompiler:598 - "C:/Users/Subham Rajgaria/Desktop/group14/cpu_controller/multicycle.v" Line 584: Module <datapath> ignored due to previous errors.
ERROR:HDLCompiler:44 - "C:/Users/Subham Rajgaria/Desktop/group14/cpu_controller/multicycle.v" Line 625: ALUon is not a constant
WARNING:HDLCompiler:329 - "C:/Users/Subham Rajgaria/Desktop/group14/cpu_controller/multicycle.v" Line 626: Target <funct> of concurrent assignment or output port connection should be a net type.
ERROR:HDLCompiler:44 - "C:/Users/Subham Rajgaria/Desktop/group14/cpu_controller/multicycle.v" Line 628: fnSel is not a constant
WARNING:HDLCompiler:329 - "C:/Users/Subham Rajgaria/Desktop/group14/cpu_controller/multicycle.v" Line 629: Target <funct> of concurrent assignment or output port connection should be a net type.
WARNING:HDLCompiler:329 - "C:/Users/Subham Rajgaria/Desktop/group14/cpu_controller/multicycle.v" Line 630: Target <funct> of concurrent assignment or output port connection should be a net type.
WARNING:HDLCompiler:329 - "C:/Users/Subham Rajgaria/Desktop/group14/cpu_controller/multicycle.v" Line 631: Target <funct> of concurrent assignment or output port connection should be a net type.
WARNING:HDLCompiler:329 - "C:/Users/Subham Rajgaria/Desktop/group14/cpu_controller/multicycle.v" Line 632: Target <funct> of concurrent assignment or output port connection should be a net type.
ERROR:HDLCompiler:598 - "C:/Users/Subham Rajgaria/Desktop/group14/cpu_controller/multicycle.v" Line 619: Module <MUX3> ignored due to previous errors.
ERROR:HDLCompiler:69 - "C:/Users/Subham Rajgaria/Desktop/group14/cpu_controller/multicycle.v" Line 637: <MM> is not declared.
ERROR:HDLCompiler:69 - "C:/Users/Subham Rajgaria/Desktop/group14/cpu_controller/multicycle.v" Line 638: <MM> is not declared.
ERROR:HDLCompiler:69 - "C:/Users/Subham Rajgaria/Desktop/group14/cpu_controller/multicycle.v" Line 639: <bus_y> is not declared.
ERROR:HDLCompiler:69 - "C:/Users/Subham Rajgaria/Desktop/group14/cpu_controller/multicycle.v" Line 641: <out> is not declared.
ERROR:HDLCompiler:598 - "C:/Users/Subham Rajgaria/Desktop/group14/cpu_controller/multicycle.v" Line 637: Module <MUX16> ignored due to previous errors.
ERROR:HDLCompiler:69 - "C:/Users/Subham Rajgaria/Desktop/group14/cpu_controller/multicycle.v" Line 670: <out> is not declared.
ERROR:HDLCompiler:69 - "C:/Users/Subham Rajgaria/Desktop/group14/cpu_controller/multicycle.v" Line 674: <out> is not declared.
ERROR:HDLCompiler:598 - "C:/Users/Subham Rajgaria/Desktop/group14/cpu_controller/multicycle.v" Line 644: Module <registerIR> ignored due to previous errors.
ERROR:HDLCompiler:598 - "C:/Users/Subham Rajgaria/Desktop/group14/cpu_controller/multicycle.v" Line 681: Module <register> ignored due to previous errors.
ERROR:HDLCompiler:598 - "C:/Users/Subham Rajgaria/Desktop/group14/cpu_controller/multicycle.v" Line 710: Module <registerMDR> ignored due to previous errors.
ERROR:HDLCompiler:598 - "C:/Users/Subham Rajgaria/Desktop/group14/cpu_controller/multicycle.v" Line 741: Module <functional_unit> ignored due to previous errors.
ERROR:HDLCompiler:69 - "C:/Users/Subham Rajgaria/Desktop/group14/cpu_controller/multicycle.v" Line 777: <s> is not declared.
Sorry, too many errors..
