
****** PlanAhead v14.7 (64-bit)
  **** Build 321239 by xbuild on Fri Sep 27 19:29:51 MDT 2013
    ** Copyright 1986-1999, 2001-2013 Xilinx, Inc. All Rights Reserved.

INFO: [Common 17-78] Attempting to get a license: PlanAhead
INFO: [Common 17-290] Got license for PlanAhead
INFO: [Device 21-36] Loading parts and site information from C:/Xilinx/14.7/ISE_DS/PlanAhead/data/parts/arch.xml
Parsing RTL primitives file [C:/Xilinx/14.7/ISE_DS/PlanAhead/data/parts/xilinx/rtl/prims/rtl_prims.xml]
Finished parsing RTL primitives file [C:/Xilinx/14.7/ISE_DS/PlanAhead/data/parts/xilinx/rtl/prims/rtl_prims.xml]
start_gui
source {C:/Users/Subham Rajgaria/Desktop/group14/assignment3/pa.fromNetlist.tcl}
# create_project -name assignment3 -dir "C:/Users/Subham Rajgaria/Desktop/group14/assignment3/planAhead_run_1" -part xc3s400fg320-4
create_project: Time (s): elapsed = 00:00:07 . Memory (MB): peak = 412.746 ; gain = 57.527
# set_property design_mode GateLvl [get_property srcset [current_run -impl]]
# set_property edif_top_file "C:/Users/Subham Rajgaria/Desktop/group14/assignment3/multiplier.ngc" [ get_property srcset [ current_run ] ]
# add_files -norecurse { {C:/Users/Subham Rajgaria/Desktop/group14/assignment3} }
# set_property target_constrs_file "multiplier.ucf" [current_fileset -constrset]
Adding file 'C:/Users/Subham Rajgaria/Desktop/group14/assignment3/multiplier.ucf' to fileset 'constrs_1'
# add_files [list {multiplier.ucf}] -fileset [get_property constrset [current_run]]
# link_design
Design is defaulting to srcset: sources_1
Design is defaulting to constrset: constrs_1
Design is defaulting to project part: xc3s400fg320-4
Release 14.7 - ngc2edif P.20131013 (nt64)
Copyright (c) 1995-2013 Xilinx, Inc.  All rights reserved.
Reading design multiplier.ngc ...
WARNING:NetListWriters:298 - No output is written to multiplier.xncf, ignored.
Processing design ...
   Preping design's networks ...
   Preping design's macros ...
WARNING:NetListWriters:306 - Signal bus d/alu1/ad/carry<7 : 3> on block
   multiplier is not reconstructed, because there are some missing bus signals.
WARNING:NetListWriters:306 - Signal bus d/alu1/sb/a2/carry<7 : 2> on block
   multiplier is not reconstructed, because there are some missing bus signals.
WARNING:NetListWriters:306 - Signal bus d/alu1/sb/notb_inc<6 : 0> on block
   multiplier is not reconstructed, because there are some missing bus signals.
  finished :Prep
Writing EDIF netlist file multiplier.edif ...
ngc2edif: Total memory usage is 83752 kilobytes

Parsing EDIF File [./planAhead_run_1/assignment3.data/cache/multiplier_ngc_zx.edif]
Finished Parsing EDIF File [./planAhead_run_1/assignment3.data/cache/multiplier_ngc_zx.edif]
INFO: [Designutils 20-910] Reading macro library C:/Xilinx/14.7/ISE_DS/PlanAhead/data\./parts/xilinx/spartan3/hd_int_macros.edn
Parsing EDIF File [C:/Xilinx/14.7/ISE_DS/PlanAhead/data\./parts/xilinx/spartan3/hd_int_macros.edn]
Finished Parsing EDIF File [C:/Xilinx/14.7/ISE_DS/PlanAhead/data\./parts/xilinx/spartan3/hd_int_macros.edn]
Loading clock regions from C:/Xilinx/14.7/ISE_DS/PlanAhead/data\parts/xilinx/spartan3/spartan3/xc3s400/ClockRegion.xml
Loading clock buffers from C:/Xilinx/14.7/ISE_DS/PlanAhead/data\parts/xilinx/spartan3/spartan3/xc3s400/ClockBuffers.xml
Loading package from C:/Xilinx/14.7/ISE_DS/PlanAhead/data\parts/xilinx/spartan3/spartan3/xc3s400/fg320/Package.xml
Loading io standards from C:/Xilinx/14.7/ISE_DS/PlanAhead/data\./parts/xilinx/spartan3/IOStandards.xml
INFO: [Device 21-19] Loading pkg sso from C:/Xilinx/14.7/ISE_DS/PlanAhead/data\parts/xilinx/spartan3/spartan3/xc3s400/fg320/SSORules.xml
Loading list of drcs for the architecture : C:/Xilinx/14.7/ISE_DS/PlanAhead/data\./parts/xilinx/spartan3/drc.xml
INFO: [Timing 38-77] Reading timing library C:/Xilinx/14.7/ISE_DS/PlanAhead/data\parts/xilinx/spartan3/spartan3/spartan3-4.lib.
INFO: [Timing 38-34] Done reading timing library C:/Xilinx/14.7/ISE_DS/PlanAhead/data\parts/xilinx/spartan3/spartan3/spartan3-4.lib.
Parsing UCF File [C:/Users/Subham Rajgaria/Desktop/group14/assignment3/multiplier.ucf]
Finished Parsing UCF File [C:/Users/Subham Rajgaria/Desktop/group14/assignment3/multiplier.ucf]
INFO: [Project 1-111] Unisim Transformation Summary:
No Unisim elements were transformed.

Phase 0 | Netlist Checksum: 66f3dd5a
link_design: Time (s): elapsed = 00:00:21 . Memory (MB): peak = 535.570 ; gain = 119.879
exit
ERROR: [Common 17-39] 'stop_gui' failed due to earlier errors.
INFO: [Common 17-206] Exiting PlanAhead at Sat Aug 19 02:03:12 2017...
INFO: [Common 17-83] Releasing license: PlanAhead
