ISim log file
Running: C:\Users\student\Desktop\datapath\datatest_5_isim_beh.exe -intstyle ise -gui -tclbatch isim.cmd -wdb C:/Users/student/Desktop/datapath/datatest_5_isim_beh.wdb 
ISim P.20131013 (signature 0x7708f090)
WARNING: A WEBPACK license was found.
WARNING: Please use Xilinx License Configuration Manager to check out a full ISim license.
WARNING: ISim will run in Lite mode. Please refer to the ISim documentation for more information on the differences between the Lite and the Full version.
This is a Lite version of ISim.
WARNING:  For instance sd/C1/, width 1 of formal port Bin is not equal to width 32 of actual constant.
Time resolution is 1 ps
# onerror resume
# wave add /
# run 1000 ns
Simulator is doing circuit initialization process.
Heelo 
 0
Heelo1 
 0
Finished circuit initialization process.
The binary value of MDRdata is: 0000000000000000
The binary value of MDRdata is: 0010000101010101
The binary value of MDRdata is: 1111000101010001
The binary value of MDRdata is: 0100000101010101
The binary value of MDRdata is: 0101000101010101
The binary value of MDRdata is: 0110000101010101
The binary value of MDRdata is: 0111000101010101
The binary value of MDRdata is: 1000000101010101
