Release 14.7 - xst P.20131013 (nt64)
Copyright (c) 1995-2013 Xilinx, Inc.  All rights reserved.
--> Parameter TMPDIR set to xst/projnav.tmp


Total REAL time to Xst completion: 0.00 secs
Total CPU time to Xst completion: 0.06 secs
 
--> Parameter xsthdpdir set to xst


Total REAL time to Xst completion: 0.00 secs
Total CPU time to Xst completion: 0.06 secs
 
--> Reading design: controller_fsm.prj

TABLE OF CONTENTS
  1) Synthesis Options Summary
  2) HDL Compilation
  3) Design Hierarchy Analysis
  4) HDL Analysis
  5) HDL Synthesis
     5.1) HDL Synthesis Report
  6) Advanced HDL Synthesis
     6.1) Advanced HDL Synthesis Report
  7) Low Level Synthesis
  8) Partition Report
  9) Final Report
	9.1) Device utilization summary
	9.2) Partition Resource Summary
	9.3) TIMING REPORT


=========================================================================
*                      Synthesis Options Summary                        *
=========================================================================
---- Source Parameters
Input File Name                    : "controller_fsm.prj"
Input Format                       : mixed
Ignore Synthesis Constraint File   : NO

---- Target Parameters
Output File Name                   : "controller_fsm"
Output Format                      : NGC
Target Device                      : xc3s400-4-pq208

---- Source Options
Top Module Name                    : controller_fsm
Automatic FSM Extraction           : YES
FSM Encoding Algorithm             : Auto
Safe Implementation                : No
FSM Style                          : LUT
RAM Extraction                     : Yes
RAM Style                          : Auto
ROM Extraction                     : Yes
Mux Style                          : Auto
Decoder Extraction                 : YES
Priority Encoder Extraction        : Yes
Shift Register Extraction          : YES
Logical Shifter Extraction         : YES
XOR Collapsing                     : YES
ROM Style                          : Auto
Mux Extraction                     : Yes
Resource Sharing                   : YES
Asynchronous To Synchronous        : NO
Multiplier Style                   : Auto
Automatic Register Balancing       : No

---- Target Options
Add IO Buffers                     : YES
Global Maximum Fanout              : 100000
Add Generic Clock Buffer(BUFG)     : 8
Register Duplication               : YES
Slice Packing                      : YES
Optimize Instantiated Primitives   : NO
Use Clock Enable                   : Yes
Use Synchronous Set                : Yes
Use Synchronous Reset              : Yes
Pack IO Registers into IOBs        : Auto
Equivalent register Removal        : YES

---- General Options
Optimization Goal                  : Speed
Optimization Effort                : 1
Keep Hierarchy                     : No
Netlist Hierarchy                  : As_Optimized
RTL Output                         : Yes
Global Optimization                : AllClockNets
Read Cores                         : YES
Write Timing Constraints           : NO
Cross Clock Analysis               : NO
Hierarchy Separator                : /
Bus Delimiter                      : <>
Case Specifier                     : Maintain
Slice Utilization Ratio            : 100
BRAM Utilization Ratio             : 100
Verilog 2001                       : YES
Auto BRAM Packing                  : NO
Slice Utilization Ratio Delta      : 5

=========================================================================


=========================================================================
*                          HDL Compilation                              *
=========================================================================
Compiling verilog file "controller_fsm.v" in library work
Module <controller_fsm> compiled
No errors in compilation
Analysis of file <"controller_fsm.prj"> succeeded.
 

=========================================================================
*                     Design Hierarchy Analysis                         *
=========================================================================
Analyzing hierarchy for module <controller_fsm> in library <work> with parameters.
	q0 = "0000"
	q1 = "0001"
	q10 = "1010"
	q2 = "0010"
	q3 = "0011"
	q4 = "0100"
	q5 = "0101"
	q6 = "0110"
	q7 = "0111"
	q8 = "1000"
	q9 = "1001"


=========================================================================
*                            HDL Analysis                               *
=========================================================================
Analyzing top module <controller_fsm>.
	q0 = 4'b0000
	q1 = 4'b0001
	q10 = 4'b1010
	q2 = 4'b0010
	q3 = 4'b0011
	q4 = 4'b0100
	q5 = 4'b0101
	q6 = 4'b0110
	q7 = 4'b0111
	q8 = 4'b1000
	q9 = 4'b1001
Module <controller_fsm> is correct for synthesis.
 

=========================================================================
*                           HDL Synthesis                               *
=========================================================================

Performing bidirectional port resolution...

Synthesizing Unit <controller_fsm>.
    Related source file is "controller_fsm.v".
    Found 1-bit register for signal <Tcnt>.
    Found 1-bit register for signal <Tf0>.
    Found 1-bit register for signal <Tf1>.
    Found 1-bit register for signal <Tn>.
    Found 1-bit register for signal <Tout>.
    Found 3-bit register for signal <fn_sel>.
    Found 1-bit register for signal <ldcnt>.
    Found 1-bit register for signal <ldf0>.
    Found 1-bit register for signal <ldf1>.
    Found 1-bit register for signal <ldn>.
    Found 1-bit register for signal <ldout>.
    Found 1-bit register for signal <over>.
    Found 4-bit register for signal <state>.
    Summary:
	inferred  18 D-type flip-flop(s).
Unit <controller_fsm> synthesized.


=========================================================================
HDL Synthesis Report

Macro Statistics
# Registers                                            : 13
 1-bit register                                        : 11
 3-bit register                                        : 1
 4-bit register                                        : 1

=========================================================================

=========================================================================
*                       Advanced HDL Synthesis                          *
=========================================================================


=========================================================================
Advanced HDL Synthesis Report

Macro Statistics
# Registers                                            : 18
 Flip-Flops                                            : 18

=========================================================================

=========================================================================
*                         Low Level Synthesis                           *
=========================================================================

Optimizing unit <controller_fsm> ...

Mapping all equations...
Building and optimizing final netlist ...
Found area constraint ratio of 100 (+ 5) on block controller_fsm, actual ratio is 0.

Final Macro Processing ...

=========================================================================
Final Register Report

Macro Statistics
# Registers                                            : 18
 Flip-Flops                                            : 18

=========================================================================

=========================================================================
*                           Partition Report                            *
=========================================================================

Partition Implementation Status
-------------------------------

  No Partitions were found in this design.

-------------------------------

=========================================================================
*                            Final Report                               *
=========================================================================
Final Results
RTL Top Level Output File Name     : controller_fsm.ngr
Top Level Output File Name         : controller_fsm
Output Format                      : NGC
Optimization Goal                  : Speed
Keep Hierarchy                     : No

Design Statistics
# IOs                              : 21

Cell Usage :
# BELS                             : 32
#      GND                         : 1
#      LUT2                        : 2
#      LUT2_L                      : 2
#      LUT3                        : 7
#      LUT4                        : 17
#      LUT4_L                      : 1
#      MUXF5                       : 2
# FlipFlops/Latches                : 18
#      FDR_1                       : 1
#      FDS_1                       : 11
#      FDSE_1                      : 6
# Clock Buffers                    : 1
#      BUFGP                       : 1
# IO Buffers                       : 20
#      IBUF                        : 2
#      OBUF                        : 18
=========================================================================

Device utilization summary:
---------------------------

Selected Device : 3s400pq208-4 

 Number of Slices:                       21  out of   3584     0%  
 Number of Slice Flip Flops:             18  out of   7168     0%  
 Number of 4 input LUTs:                 29  out of   7168     0%  
 Number of IOs:                          21
 Number of bonded IOBs:                  21  out of    141    14%  
 Number of GCLKs:                         1  out of      8    12%  

---------------------------
Partition Resource Summary:
---------------------------

  No Partitions were found in this design.

---------------------------


=========================================================================
TIMING REPORT

NOTE: THESE TIMING NUMBERS ARE ONLY A SYNTHESIS ESTIMATE.
      FOR ACCURATE TIMING INFORMATION PLEASE REFER TO THE TRACE REPORT
      GENERATED AFTER PLACE-and-ROUTE.

Clock Information:
------------------
-----------------------------------+------------------------+-------+
Clock Signal                       | Clock buffer(FF name)  | Load  |
-----------------------------------+------------------------+-------+
clk                                | BUFGP                  | 18    |
-----------------------------------+------------------------+-------+

Asynchronous Control Signals Information:
----------------------------------------
No asynchronous control signals found in this design

Timing Summary:
---------------
Speed Grade: -4

   Minimum period: 6.273ns (Maximum Frequency: 159.413MHz)
   Minimum input arrival time before clock: 2.791ns
   Maximum output required time after clock: 7.909ns
   Maximum combinational path delay: No path found

Timing Detail:
--------------
All values displayed in nanoseconds (ns)

=========================================================================
Timing constraint: Default period analysis for Clock 'clk'
  Clock period: 6.273ns (frequency: 159.413MHz)
  Total number of paths / destination ports: 179 / 36
-------------------------------------------------------------------------
Delay:               6.273ns (Levels of Logic = 3)
  Source:            state_2 (FF)
  Destination:       fn_sel_1 (FF)
  Source Clock:      clk falling
  Destination Clock: clk falling

  Data Path: state_2 to fn_sel_1
                                Gate     Net
    Cell:in->out      fanout   Delay   Delay  Logical Name (Net Name)
    ----------------------------------------  ------------
     FDS_1:C->Q           18   0.720   1.756  state_2 (state_2)
     LUT4:I0->O            2   0.551   1.072  Tn_or00001 (Tn_or0000)
     LUT3:I1->O            1   0.551   0.869  fn_sel_mux0000<1>_SW0 (N5)
     LUT3:I2->O            1   0.551   0.000  fn_sel_mux0000<1>1 (fn_sel_mux0000<1>1)
     FDS_1:D                   0.203          fn_sel_1
    ----------------------------------------
    Total                      6.273ns (2.576ns logic, 3.697ns route)
                                       (41.1% logic, 58.9% route)

=========================================================================
Timing constraint: Default OFFSET IN BEFORE for Clock 'clk'
  Total number of paths / destination ports: 4 / 3
-------------------------------------------------------------------------
Offset:              2.791ns (Levels of Logic = 2)
  Source:            go (PAD)
  Destination:       state_0 (FF)
  Destination Clock: clk falling

  Data Path: go to state_0
                                Gate     Net
    Cell:in->out      fanout   Delay   Delay  Logical Name (Net Name)
    ----------------------------------------  ------------
     IBUF:I->O             2   0.821   1.216  go_IBUF (go_IBUF)
     LUT3:I0->O            1   0.551   0.000  state_mux0000<3>1 (state_mux0000<3>1)
     FDS_1:D                   0.203          state_0
    ----------------------------------------
    Total                      2.791ns (1.575ns logic, 1.216ns route)
                                       (56.4% logic, 43.6% route)

=========================================================================
Timing constraint: Default OFFSET OUT AFTER for Clock 'clk'
  Total number of paths / destination ports: 18 / 18
-------------------------------------------------------------------------
Offset:              7.909ns (Levels of Logic = 1)
  Source:            state_3 (FF)
  Destination:       state<3> (PAD)
  Source Clock:      clk falling

  Data Path: state_3 to state<3>
                                Gate     Net
    Cell:in->out      fanout   Delay   Delay  Logical Name (Net Name)
    ----------------------------------------  ------------
     FDS_1:C->Q           20   0.720   1.545  state_3 (state_3)
     OBUF:I->O                 5.644          state_3_OBUF (state<3>)
    ----------------------------------------
    Total                      7.909ns (6.364ns logic, 1.545ns route)
                                       (80.5% logic, 19.5% route)

=========================================================================


Total REAL time to Xst completion: 3.00 secs
Total CPU time to Xst completion: 3.36 secs
 
--> 

Total memory usage is 255352 kilobytes

Number of errors   :    0 (   0 filtered)
Number of warnings :    0 (   0 filtered)
Number of infos    :    0 (   0 filtered)

