Release 14.7 - xst P.20131013 (nt64)
Copyright (c) 1995-2013 Xilinx, Inc.  All rights reserved.
--> Parameter TMPDIR set to xst/projnav.tmp


Total REAL time to Xst completion: 0.00 secs
Total CPU time to Xst completion: 0.06 secs
 
--> Parameter xsthdpdir set to xst


Total REAL time to Xst completion: 0.00 secs
Total CPU time to Xst completion: 0.06 secs
 
--> Reading design: fsm_beh.prj

TABLE OF CONTENTS
  1) Synthesis Options Summary
  2) HDL Compilation
  3) Design Hierarchy Analysis
  4) HDL Analysis
  5) HDL Synthesis
     5.1) HDL Synthesis Report
  6) Advanced HDL Synthesis
     6.1) Advanced HDL Synthesis Report
  7) Low Level Synthesis
  8) Partition Report
  9) Final Report
	9.1) Device utilization summary
	9.2) Partition Resource Summary
	9.3) TIMING REPORT


=========================================================================
*                      Synthesis Options Summary                        *
=========================================================================
---- Source Parameters
Input File Name                    : "fsm_beh.prj"
Input Format                       : mixed
Ignore Synthesis Constraint File   : NO

---- Target Parameters
Output File Name                   : "fsm_beh"
Output Format                      : NGC
Target Device                      : xc3s50-4-pq208

---- Source Options
Top Module Name                    : fsm_beh
Automatic FSM Extraction           : YES
FSM Encoding Algorithm             : Auto
Safe Implementation                : No
FSM Style                          : LUT
RAM Extraction                     : Yes
RAM Style                          : Auto
ROM Extraction                     : Yes
Mux Style                          : Auto
Decoder Extraction                 : YES
Priority Encoder Extraction        : Yes
Shift Register Extraction          : YES
Logical Shifter Extraction         : YES
XOR Collapsing                     : YES
ROM Style                          : Auto
Mux Extraction                     : Yes
Resource Sharing                   : YES
Asynchronous To Synchronous        : NO
Multiplier Style                   : Auto
Automatic Register Balancing       : No

---- Target Options
Add IO Buffers                     : YES
Global Maximum Fanout              : 100000
Add Generic Clock Buffer(BUFG)     : 8
Register Duplication               : YES
Slice Packing                      : YES
Optimize Instantiated Primitives   : NO
Use Clock Enable                   : Yes
Use Synchronous Set                : Yes
Use Synchronous Reset              : Yes
Pack IO Registers into IOBs        : Auto
Equivalent register Removal        : YES

---- General Options
Optimization Goal                  : Speed
Optimization Effort                : 1
Keep Hierarchy                     : No
Netlist Hierarchy                  : As_Optimized
RTL Output                         : Yes
Global Optimization                : AllClockNets
Read Cores                         : YES
Write Timing Constraints           : NO
Cross Clock Analysis               : NO
Hierarchy Separator                : /
Bus Delimiter                      : <>
Case Specifier                     : Maintain
Slice Utilization Ratio            : 100
BRAM Utilization Ratio             : 100
Verilog 2001                       : YES
Auto BRAM Packing                  : NO
Slice Utilization Ratio Delta      : 5

=========================================================================


=========================================================================
*                          HDL Compilation                              *
=========================================================================
Compiling verilog file "stateTransFn_beh.v" in library work
Compiling verilog file "outputFn_beh.v" in library work
Module <stateTransFn_beh> compiled
Compiling verilog file "delayElem_beh.v" in library work
Module <outputFn_beh> compiled
Compiling verilog file "fsm_beh.v" in library work
Module <delayElem_beh> compiled
Module <fsm_beh> compiled
No errors in compilation
Analysis of file <"fsm_beh.prj"> succeeded.
 

=========================================================================
*                     Design Hierarchy Analysis                         *
=========================================================================
Analyzing hierarchy for module <fsm_beh> in library <work>.

Analyzing hierarchy for module <stateTransFn_beh> in library <work> with parameters.
	s0 = "00"
	s1 = "01"
	s2 = "10"
	s3 = "11"

Analyzing hierarchy for module <outputFn_beh> in library <work> with parameters.
	s0 = "00"
	s1 = "01"
	s2 = "10"
	s3 = "11"

Analyzing hierarchy for module <delayElem_beh> in library <work>.


=========================================================================
*                            HDL Analysis                               *
=========================================================================
Analyzing top module <fsm_beh>.
Module <fsm_beh> is correct for synthesis.
 
Analyzing module <stateTransFn_beh> in library <work>.
	s0 = 2'b00
	s1 = 2'b01
	s2 = 2'b10
	s3 = 2'b11
Module <stateTransFn_beh> is correct for synthesis.
 
Analyzing module <outputFn_beh> in library <work>.
	s0 = 2'b00
	s1 = 2'b01
	s2 = 2'b10
	s3 = 2'b11
Module <outputFn_beh> is correct for synthesis.
 
Analyzing module <delayElem_beh> in library <work>.
Module <delayElem_beh> is correct for synthesis.
 

=========================================================================
*                           HDL Synthesis                               *
=========================================================================

Performing bidirectional port resolution...

Synthesizing Unit <stateTransFn_beh>.
    Related source file is "stateTransFn_beh.v".
    Found 2-bit 4-to-1 multiplexer for signal <nextstate>.
    Summary:
	inferred   2 Multiplexer(s).
Unit <stateTransFn_beh> synthesized.


Synthesizing Unit <outputFn_beh>.
    Related source file is "outputFn_beh.v".
    Found 1-bit 4-to-1 multiplexer for signal <nxtout>.
    Summary:
	inferred   1 Multiplexer(s).
Unit <outputFn_beh> synthesized.


Synthesizing Unit <delayElem_beh>.
    Related source file is "delayElem_beh.v".
    Found 2-bit register for signal <currstate>.
    Found 1-bit register for signal <out>.
    Summary:
	inferred   3 D-type flip-flop(s).
Unit <delayElem_beh> synthesized.


Synthesizing Unit <fsm_beh>.
    Related source file is "fsm_beh.v".
Unit <fsm_beh> synthesized.


=========================================================================
HDL Synthesis Report

Macro Statistics
# Registers                                            : 2
 1-bit register                                        : 1
 2-bit register                                        : 1
# Multiplexers                                         : 2
 1-bit 4-to-1 multiplexer                              : 1
 2-bit 4-to-1 multiplexer                              : 1

=========================================================================

=========================================================================
*                       Advanced HDL Synthesis                          *
=========================================================================


=========================================================================
Advanced HDL Synthesis Report

Macro Statistics
# Registers                                            : 3
 Flip-Flops                                            : 3

=========================================================================

=========================================================================
*                         Low Level Synthesis                           *
=========================================================================

Optimizing unit <fsm_beh> ...

Mapping all equations...
Building and optimizing final netlist ...
Found area constraint ratio of 100 (+ 5) on block fsm_beh, actual ratio is 0.

Final Macro Processing ...

=========================================================================
Final Register Report

Macro Statistics
# Registers                                            : 3
 Flip-Flops                                            : 3

=========================================================================

=========================================================================
*                           Partition Report                            *
=========================================================================

Partition Implementation Status
-------------------------------

  No Partitions were found in this design.

-------------------------------

=========================================================================
*                            Final Report                               *
=========================================================================
Final Results
RTL Top Level Output File Name     : fsm_beh.ngr
Top Level Output File Name         : fsm_beh
Output Format                      : NGC
Optimization Goal                  : Speed
Keep Hierarchy                     : No

Design Statistics
# IOs                              : 3

Cell Usage :
# BELS                             : 2
#      LUT3                        : 2
# FlipFlops/Latches                : 3
#      FD                          : 3
# Clock Buffers                    : 1
#      BUFGP                       : 1
# IO Buffers                       : 2
#      IBUF                        : 1
#      OBUF                        : 1
=========================================================================

Device utilization summary:
---------------------------

Selected Device : 3s50pq208-4 

 Number of Slices:                        2  out of    768     0%  
 Number of Slice Flip Flops:              3  out of   1536     0%  
 Number of 4 input LUTs:                  2  out of   1536     0%  
 Number of IOs:                           3
 Number of bonded IOBs:                   3  out of    124     2%  
 Number of GCLKs:                         1  out of      8    12%  

---------------------------
Partition Resource Summary:
---------------------------

  No Partitions were found in this design.

---------------------------


=========================================================================
TIMING REPORT

NOTE: THESE TIMING NUMBERS ARE ONLY A SYNTHESIS ESTIMATE.
      FOR ACCURATE TIMING INFORMATION PLEASE REFER TO THE TRACE REPORT
      GENERATED AFTER PLACE-and-ROUTE.

Clock Information:
------------------
-----------------------------------+------------------------+-------+
Clock Signal                       | Clock buffer(FF name)  | Load  |
-----------------------------------+------------------------+-------+
clk                                | BUFGP                  | 3     |
-----------------------------------+------------------------+-------+

Asynchronous Control Signals Information:
----------------------------------------
No asynchronous control signals found in this design

Timing Summary:
---------------
Speed Grade: -4

   Minimum period: 2.546ns (Maximum Frequency: 392.773MHz)
   Minimum input arrival time before clock: 2.821ns
   Maximum output required time after clock: 7.165ns
   Maximum combinational path delay: No path found

Timing Detail:
--------------
All values displayed in nanoseconds (ns)

=========================================================================
Timing constraint: Default period analysis for Clock 'clk'
  Clock period: 2.546ns (frequency: 392.773MHz)
  Total number of paths / destination ports: 4 / 2
-------------------------------------------------------------------------
Delay:               2.546ns (Levels of Logic = 1)
  Source:            A4/currstate_1 (FF)
  Destination:       A4/out (FF)
  Source Clock:      clk rising
  Destination Clock: clk rising

  Data Path: A4/currstate_1 to A4/out
                                Gate     Net
    Cell:in->out      fanout   Delay   Delay  Logical Name (Net Name)
    ----------------------------------------  ------------
     FD:C->Q               2   0.720   1.072  A4/currstate_1 (A4/currstate_1)
     LUT3:I1->O            1   0.551   0.000  A2/Mmux_nxtout11 (nxtout)
     FD:D                      0.203          A4/out
    ----------------------------------------
    Total                      2.546ns (1.474ns logic, 1.072ns route)
                                       (57.9% logic, 42.1% route)

=========================================================================
Timing constraint: Default OFFSET IN BEFORE for Clock 'clk'
  Total number of paths / destination ports: 3 / 3
-------------------------------------------------------------------------
Offset:              2.821ns (Levels of Logic = 2)
  Source:            in (PAD)
  Destination:       A4/out (FF)
  Destination Clock: clk rising

  Data Path: in to A4/out
                                Gate     Net
    Cell:in->out      fanout   Delay   Delay  Logical Name (Net Name)
    ----------------------------------------  ------------
     IBUF:I->O             3   0.821   1.246  in_IBUF (in_IBUF)
     LUT3:I0->O            1   0.551   0.000  A2/Mmux_nxtout11 (nxtout)
     FD:D                      0.203          A4/out
    ----------------------------------------
    Total                      2.821ns (1.575ns logic, 1.246ns route)
                                       (55.8% logic, 44.2% route)

=========================================================================
Timing constraint: Default OFFSET OUT AFTER for Clock 'clk'
  Total number of paths / destination ports: 1 / 1
-------------------------------------------------------------------------
Offset:              7.165ns (Levels of Logic = 1)
  Source:            A4/out (FF)
  Destination:       out (PAD)
  Source Clock:      clk rising

  Data Path: A4/out to out
                                Gate     Net
    Cell:in->out      fanout   Delay   Delay  Logical Name (Net Name)
    ----------------------------------------  ------------
     FD:C->Q               1   0.720   0.801  A4/out (A4/out)
     OBUF:I->O                 5.644          out_OBUF (out)
    ----------------------------------------
    Total                      7.165ns (6.364ns logic, 0.801ns route)
                                       (88.8% logic, 11.2% route)

=========================================================================


Total REAL time to Xst completion: 3.00 secs
Total CPU time to Xst completion: 3.19 secs
 
--> 

Total memory usage is 255348 kilobytes

Number of errors   :    0 (   0 filtered)
Number of warnings :    0 (   0 filtered)
Number of infos    :    0 (   0 filtered)

