Running: C:\Xilinx\14.7\ISE_DS\ISE\bin\nt64\unwrapped\fuse.exe -intstyle ise -incremental -lib unisims_ver -lib unimacro_ver -lib xilinxcorelib_ver -o C:/Users/student/Desktop/Assignment1/testbench_isim_beh.exe -prj C:/Users/student/Desktop/Assignment1/testbench_beh.prj testbench work.glbl 
ISim P.20131013 (signature 0x7708f090)
Number of CPUs detected in this system: 4
Turning on mult-threading, number of parallel sub-compilation jobs: 8 
Determining compilation order of HDL files
Analyzing Verilog file "C:/Users/student/Desktop/Assignment1/stateTransFn_beh.v" into library work
Analyzing Verilog file "C:/Users/student/Desktop/Assignment1/outputFn_beh.v" into library work
Analyzing Verilog file "C:/Users/student/Desktop/Assignment1/delayElem_beh.v" into library work
Analyzing Verilog file "C:/Users/student/Desktop/Assignment1/fsm_beh.v" into library work
Analyzing Verilog file "C:/Users/student/Desktop/Assignment1/testbench.v" into library work
Analyzing Verilog file "C:/Xilinx/14.7/ISE_DS/ISE//verilog/src/glbl.v" into library work
Starting static elaboration
Completed static elaboration
Compiling module stateTransFn_beh
Compiling module outputFn_beh
Compiling module delayElem_beh
Compiling module fsm_beh
Compiling module testbench
Compiling module glbl
Time Resolution for simulation is 1ps.
Waiting for 1 sub-compilation(s) to finish...
Compiled 6 Verilog Units
Built simulation executable C:/Users/student/Desktop/Assignment1/testbench_isim_beh.exe
Fuse Memory Usage: 27164 KB
Fuse CPU Usage: 327 ms
